<?xml version="1.0" encoding="UTF-8"?>
<!-- Generated by org.testng.reporters.JUnitReportReporter -->
<testsuite skipped="0" hostname="LAPTOP-A6RHJ6KB" name="com.amazonCheckout_Test.TC_AmazonCheckoutFieldTesting_001" tests="1" failures="0" timestamp="15 May 2019 11:22:45 GMT" time="59.032" errors="0">
  <testcase name="testProductSearch" time="59.032" classname="com.amazonCheckout_Test.TC_AmazonCheckoutFieldTesting_001"/>
</testsuite> <!-- com.amazonCheckout_Test.TC_AmazonCheckoutFieldTesting_001 -->
